Traceback (most recent call last):
  File "/usr/share/miniconda/envs/buildjupyterbook/lib/python3.10/site-packages/jupyter_cache/executors/utils.py", line 58, in single_nb_execution
    executenb(
  File "/usr/share/miniconda/envs/buildjupyterbook/lib/python3.10/site-packages/nbclient/client.py", line 1314, in execute
    return NotebookClient(nb=nb, resources=resources, km=km, **kwargs).execute()
  File "/usr/share/miniconda/envs/buildjupyterbook/lib/python3.10/site-packages/jupyter_core/utils/__init__.py", line 165, in wrapped
    return loop.run_until_complete(inner)
  File "/usr/share/miniconda/envs/buildjupyterbook/lib/python3.10/asyncio/base_events.py", line 649, in run_until_complete
    return future.result()
  File "/usr/share/miniconda/envs/buildjupyterbook/lib/python3.10/site-packages/nbclient/client.py", line 709, in async_execute
    await self.async_execute_cell(
  File "/usr/share/miniconda/envs/buildjupyterbook/lib/python3.10/site-packages/nbclient/client.py", line 1062, in async_execute_cell
    await self._check_raise_for_error(cell, cell_index, exec_reply)
  File "/usr/share/miniconda/envs/buildjupyterbook/lib/python3.10/site-packages/nbclient/client.py", line 918, in _check_raise_for_error
    raise CellExecutionError.from_cell_and_msg(cell, exec_reply_content)
nbclient.exceptions.CellExecutionError: An error occurred while executing the following cell:
------------------
with h5py.File(filename_lp, 'r') as h5:
    elms = []
    bmid = []
    for key in h5['Data/Array Layout'].keys():
        elms.append(np.array(h5['Data/Array Layout'][key]['1D Parameters']['elm'][0]))
        bmid.append(np.array(h5['Data/Array Layout'][key]['1D Parameters']['beamid'][0]))
    elms = np.array(elms)
    bmid = np.array(bmid)
    
    idx = np.argmax(elms)
    max_beam = bmid[idx]
    bidx = f'Array with beamid={max_beam} '

    rng_lp = np.array(h5['Data/Array Layout'][bidx]['range'])
    ne_lp = np.array(h5['Data/Array Layout'][bidx]['2D Parameters']['ne']).T
    utime_lp = np.array(h5['Data/Array Layout'][bidx]['timestamps'])


time_lp = utime_lp.astype('datetime64[s]')
ne_lp = ne_lp[:,np.isfinite(rng_lp)]
rng_lp = rng_lp[np.isfinite(rng_lp)]


with h5py.File(filename_ac, 'r') as h5:
    elms = []
    bmid = []
    for key in h5['Data/Array Layout'].keys():
        elms.append(np.array(h5['Data/Array Layout'][key]['1D Parameters']['elm'][0]))
        bmid.append(np.array(h5['Data/Array Layout'][key]['1D Parameters']['beamid'][0]))
    elms = np.array(elms)
    bmid = np.array(bmid)
    
    idx = np.argmax(elms)
    max_beam = bmid[idx]
    bidx = f'Array with beamid={max_beam} '

    rng_ac = np.array(h5['Data/Array Layout'][bidx]['range'])
    ne_ac = np.array(h5['Data/Array Layout'][bidx]['2D Parameters']['ne']).T
    utime_ac = np.array(h5['Data/Array Layout'][bidx]['timestamps'])

    azm = h5['Data/Array Layout'][bidx]['1D Parameters']['azm'][0]
    elm = h5['Data/Array Layout'][bidx]['1D Parameters']['elm'][0]
    beamid = h5['Data/Array Layout'][bidx]['1D Parameters']['beamid'][0]


time_ac = utime_ac.astype('datetime64[s]')
ne_ac = ne_ac[:,np.isfinite(rng_ac)]
rng_ac = rng_ac[np.isfinite(rng_ac)]

cutoff_rng = 150.*1000.
aidx_ac = np.argmin(np.abs(rng_ac-cutoff_rng))
aidx_lp = np.argmin(np.abs(rng_lp-cutoff_rng))

fig = plt.figure(figsize=(12,5))
ax = fig.add_subplot(111)

c = ax.pcolormesh(time_ac, rng_ac[:aidx_ac], ne_ac[:,:aidx_ac].T, vmin=0., vmax=4.e11)
c = ax.pcolormesh(time_lp, rng_lp[aidx_lp:], ne_lp[:,aidx_lp:].T, vmin=0., vmax=4.e11)

ax.set_xlabel('Universal Time')
ax.set_ylabel('Range (m)')
ax.set_title('Beam Number: {:.0f} (az:{:.1f}, el:{:.1f})'.format(beamid, azm, elm))
fig.colorbar(c, label=r'Electron Density (m$^{-3}$)')

------------------


[0;31m---------------------------------------------------------------------------[0m
[0;31mFileNotFoundError[0m                         Traceback (most recent call last)
Cell [0;32mIn[3], line 1[0m
[0;32m----> 1[0m [38;5;28;01mwith[39;00m [43mh5py[49m[38;5;241;43m.[39;49m[43mFile[49m[43m([49m[43mfilename_lp[49m[43m,[49m[43m [49m[38;5;124;43m'[39;49m[38;5;124;43mr[39;49m[38;5;124;43m'[39;49m[43m)[49m [38;5;28;01mas[39;00m h5:
[1;32m      2[0m     elms [38;5;241m=[39m []
[1;32m      3[0m     bmid [38;5;241m=[39m []

File [0;32m/usr/share/miniconda/envs/buildjupyterbook/lib/python3.10/site-packages/h5py/_hl/files.py:562[0m, in [0;36mFile.__init__[0;34m(self, name, mode, driver, libver, userblock_size, swmr, rdcc_nslots, rdcc_nbytes, rdcc_w0, track_order, fs_strategy, fs_persist, fs_threshold, fs_page_size, page_buf_size, min_meta_keep, min_raw_keep, locking, alignment_threshold, alignment_interval, meta_block_size, **kwds)[0m
[1;32m    553[0m     fapl [38;5;241m=[39m make_fapl(driver, libver, rdcc_nslots, rdcc_nbytes, rdcc_w0,
[1;32m    554[0m                      locking, page_buf_size, min_meta_keep, min_raw_keep,
[1;32m    555[0m                      alignment_threshold[38;5;241m=[39malignment_threshold,
[1;32m    556[0m                      alignment_interval[38;5;241m=[39malignment_interval,
[1;32m    557[0m                      meta_block_size[38;5;241m=[39mmeta_block_size,
[1;32m    558[0m                      [38;5;241m*[39m[38;5;241m*[39mkwds)
[1;32m    559[0m     fcpl [38;5;241m=[39m make_fcpl(track_order[38;5;241m=[39mtrack_order, fs_strategy[38;5;241m=[39mfs_strategy,
[1;32m    560[0m                      fs_persist[38;5;241m=[39mfs_persist, fs_threshold[38;5;241m=[39mfs_threshold,
[1;32m    561[0m                      fs_page_size[38;5;241m=[39mfs_page_size)
[0;32m--> 562[0m     fid [38;5;241m=[39m [43mmake_fid[49m[43m([49m[43mname[49m[43m,[49m[43m [49m[43mmode[49m[43m,[49m[43m [49m[43muserblock_size[49m[43m,[49m[43m [49m[43mfapl[49m[43m,[49m[43m [49m[43mfcpl[49m[43m,[49m[43m [49m[43mswmr[49m[38;5;241;43m=[39;49m[43mswmr[49m[43m)[49m
[1;32m    564[0m [38;5;28;01mif[39;00m [38;5;28misinstance[39m(libver, [38;5;28mtuple[39m):
[1;32m    565[0m     [38;5;28mself[39m[38;5;241m.[39m_libver [38;5;241m=[39m libver

File [0;32m/usr/share/miniconda/envs/buildjupyterbook/lib/python3.10/site-packages/h5py/_hl/files.py:235[0m, in [0;36mmake_fid[0;34m(name, mode, userblock_size, fapl, fcpl, swmr)[0m
[1;32m    233[0m     [38;5;28;01mif[39;00m swmr [38;5;129;01mand[39;00m swmr_support:
[1;32m    234[0m         flags [38;5;241m|[39m[38;5;241m=[39m h5f[38;5;241m.[39mACC_SWMR_READ
[0;32m--> 235[0m     fid [38;5;241m=[39m [43mh5f[49m[38;5;241;43m.[39;49m[43mopen[49m[43m([49m[43mname[49m[43m,[49m[43m [49m[43mflags[49m[43m,[49m[43m [49m[43mfapl[49m[38;5;241;43m=[39;49m[43mfapl[49m[43m)[49m
[1;32m    236[0m [38;5;28;01melif[39;00m mode [38;5;241m==[39m [38;5;124m'[39m[38;5;124mr+[39m[38;5;124m'[39m:
[1;32m    237[0m     fid [38;5;241m=[39m h5f[38;5;241m.[39mopen(name, h5f[38;5;241m.[39mACC_RDWR, fapl[38;5;241m=[39mfapl)

File [0;32mh5py/_objects.pyx:54[0m, in [0;36mh5py._objects.with_phil.wrapper[0;34m()[0m

File [0;32mh5py/_objects.pyx:55[0m, in [0;36mh5py._objects.with_phil.wrapper[0;34m()[0m

File [0;32mh5py/h5f.pyx:102[0m, in [0;36mh5py.h5f.open[0;34m()[0m

[0;31mFileNotFoundError[0m: [Errno 2] Unable to synchronously open file (unable to open file: name = 'data/pfa20240108.001_lp_fit_01min.001.h5', errno = 2, error message = 'No such file or directory', flags = 0, o_flags = 0)

